<?xml version="1.0" encoding="UTF-8" standalone="yes" ?>
<test-results name="BigPiTests.exe" total="40" errors="0" failures="0" ignored="0" inconclusive="0" not-run="0" skipped="0" invalid="0" date="2023-04-05" time="22.737">
  <culture-info current-culture="en" current-uiculture="en" />
  <test-suite type="Assembly" name="BigPiTests.exe" executed="true" result="Success" success="True" time="22.737" asserts="0">
    <results>
        <test-suite type="Namespace" name="BBPpiTests" executed="true" result="Success" success="True" time="15.156" asserts="0" >
          <results>
              <test-suite type="Fixture" name="BBPpiTest" executed="True" result="Success" success="True" time="15.156" >
                <results>
                  <test-case name="HashCheck.Calculate 100 digits (00)" executed="True" result="Success" success="True" time="0.001" asserts="0" />
                  <test-case name="HashCheck.Calculate 200 digits (01)" executed="True" result="Success" success="True" time="0.002" asserts="0" />
                  <test-case name="HashCheck.Calculate 300 digits (02)" executed="True" result="Success" success="True" time="0.005" asserts="0" />
                  <test-case name="HashCheck.Calculate 400 digits (03)" executed="True" result="Success" success="True" time="0.006" asserts="0" />
                  <test-case name="HashCheck.Calculate 500 digits (04)" executed="True" result="Success" success="True" time="0.011" asserts="0" />
                  <test-case name="HashCheck.Calculate 600 digits (05)" executed="True" result="Success" success="True" time="0.013" asserts="0" />
                  <test-case name="HashCheck.Calculate 700 digits (06)" executed="True" result="Success" success="True" time="0.019" asserts="0" />
                  <test-case name="HashCheck.Calculate 800 digits (07)" executed="True" result="Success" success="True" time="0.024" asserts="0" />
                  <test-case name="HashCheck.Calculate 900 digits (08)" executed="True" result="Success" success="True" time="0.030" asserts="0" />
                  <test-case name="HashCheck.Calculate 1000 digits (09)" executed="True" result="Success" success="True" time="0.034" asserts="0" />
                  <test-case name="HashCheck.Calculate 2000 digits (10)" executed="True" result="Success" success="True" time="0.139" asserts="0" />
                  <test-case name="HashCheck.Calculate 3000 digits (11)" executed="True" result="Success" success="True" time="0.323" asserts="0" />
                  <test-case name="HashCheck.Calculate 4000 digits (12)" executed="True" result="Success" success="True" time="0.565" asserts="0" />
                  <test-case name="HashCheck.Calculate 5000 digits (13)" executed="True" result="Success" success="True" time="0.900" asserts="0" />
                  <test-case name="HashCheck.Calculate 6000 digits (14)" executed="True" result="Success" success="True" time="1.409" asserts="0" />
                  <test-case name="HashCheck.Calculate 7000 digits (15)" executed="True" result="Success" success="True" time="1.917" asserts="0" />
                  <test-case name="HashCheck.Calculate 8000 digits (16)" executed="True" result="Success" success="True" time="2.508" asserts="0" />
                  <test-case name="HashCheck.Calculate 9000 digits (17)" executed="True" result="Success" success="True" time="3.242" asserts="0" />
                  <test-case name="HashCheck.Calculate 10000 digits (18)" executed="True" result="Success" success="True" time="3.958" asserts="0" />
                  <test-case name="Check1000Digits" executed="True" result="Success" success="True" time="0.035" asserts="0" />
                </results>
              </test-suite>
          </results>
        </test-suite>
        <test-suite type="Namespace" name="BigPiChudnovskyTests" executed="true" result="Success" success="True" time="7.581" asserts="0" >
          <results>
              <test-suite type="Fixture" name="ChudnovskyPiTest" executed="True" result="Success" success="True" time="7.581" >
                <results>
                  <test-case name="HashCheck.Calculate 100 digits (00)" executed="True" result="Success" success="True" time="0.001" asserts="0" />
                  <test-case name="HashCheck.Calculate 200 digits (01)" executed="True" result="Success" success="True" time="0.002" asserts="0" />
                  <test-case name="HashCheck.Calculate 300 digits (02)" executed="True" result="Success" success="True" time="0.004" asserts="0" />
                  <test-case name="HashCheck.Calculate 400 digits (03)" executed="True" result="Success" success="True" time="0.005" asserts="0" />
                  <test-case name="HashCheck.Calculate 500 digits (04)" executed="True" result="Success" success="True" time="0.008" asserts="0" />
                  <test-case name="HashCheck.Calculate 600 digits (05)" executed="True" result="Success" success="True" time="0.013" asserts="0" />
                  <test-case name="HashCheck.Calculate 700 digits (06)" executed="True" result="Success" success="True" time="0.018" asserts="0" />
                  <test-case name="HashCheck.Calculate 800 digits (07)" executed="True" result="Success" success="True" time="0.024" asserts="0" />
                  <test-case name="HashCheck.Calculate 900 digits (08)" executed="True" result="Success" success="True" time="0.032" asserts="0" />
                  <test-case name="HashCheck.Calculate 1000 digits (09)" executed="True" result="Success" success="True" time="0.040" asserts="0" />
                  <test-case name="HashCheck.Calculate 2000 digits (10)" executed="True" result="Success" success="True" time="0.259" asserts="0" />
                  <test-case name="HashCheck.Calculate 3000 digits (11)" executed="True" result="Success" success="True" time="0.702" asserts="0" />
                  <test-case name="HashCheck.Calculate 4000 digits (12)" executed="True" result="Success" success="True" time="1.488" asserts="0" />
                  <test-case name="HashCheck.Calculate 5000 digits (13)" executed="True" result="Success" success="True" time="2.562" asserts="0" />
                  <test-case name="HashCheck.Calculate 6000 digits (14)" executed="True" result="Success" success="True" time="0.000" asserts="0" />
                  <test-case name="HashCheck.Calculate 7000 digits (15)" executed="True" result="Success" success="True" time="0.000" asserts="0" />
                  <test-case name="HashCheck.Calculate 8000 digits (16)" executed="True" result="Success" success="True" time="0.000" asserts="0" />
                  <test-case name="HashCheck.Calculate 9000 digits (17)" executed="True" result="Success" success="True" time="0.000" asserts="0" />
                  <test-case name="HashCheck.Calculate 10000 digits (18)" executed="True" result="Success" success="True" time="0.000" asserts="0" />
                  <test-case name="Check1000Digits" executed="True" result="Success" success="True" time="2.409" asserts="0" />
                </results>
              </test-suite>
          </results>
        </test-suite>
    </results>
  </test-suite>
</test-results>
